Performing C++ SOURCE FILE Test CXX17_BUILTIN failed with the following output:
Change Dir: /home/ian/Documents/Fremont/Bioinformatics/Scripts/CPP/seqan3_cmake_error/build/CMakeFiles/CMakeTmp

Run Build Command:"/home/ian/anaconda3/bin/make" "cmTC_8fe4b/fast"
/home/ian/anaconda3/bin/make -f CMakeFiles/cmTC_8fe4b.dir/build.make CMakeFiles/cmTC_8fe4b.dir/build
make[1]: Entering directory '/home/ian/Documents/Fremont/Bioinformatics/Scripts/CPP/seqan3_cmake_error/build/CMakeFiles/CMakeTmp'
Building CXX object CMakeFiles/cmTC_8fe4b.dir/src.cxx.o
/usr/bin/c++   -I/home/ian/Documents/Fremont/Bioinformatics/Scripts/CPP/seqan3_cmake_error/deps/seqan3/include -I/home/ian/Documents/Fremont/Bioinformatics/Scripts/CPP/seqan3_cmake_error/deps/seqan3/submodules/sdsl-lite/include -I/home/ian/Documents/Fremont/Bioinformatics/Scripts/CPP/seqan3_cmake_error/deps/seqan3/submodules/range-v3/include -I/home/ian/Documents/Fremont/Bioinformatics/Scripts/CPP/seqan3_cmake_error/deps/seqan3/submodules/cereal/include  -DCXX17_BUILTIN   -o CMakeFiles/cmTC_8fe4b.dir/src.cxx.o -c /home/ian/Documents/Fremont/Bioinformatics/Scripts/CPP/seqan3_cmake_error/build/CMakeFiles/CMakeTmp/src.cxx
/home/ian/Documents/Fremont/Bioinformatics/Scripts/CPP/seqan3_cmake_error/build/CMakeFiles/CMakeTmp/src.cxx:2:6: error: #error NOCXX17
     #error NOCXX17
      ^~~~~
make[1]: *** [CMakeFiles/cmTC_8fe4b.dir/build.make:66: CMakeFiles/cmTC_8fe4b.dir/src.cxx.o] Error 1
make[1]: Leaving directory '/home/ian/Documents/Fremont/Bioinformatics/Scripts/CPP/seqan3_cmake_error/build/CMakeFiles/CMakeTmp'
make: *** [Makefile:126: cmTC_8fe4b/fast] Error 2

Source file was:
#if !defined (__cplusplus) || (__cplusplus < 201703L)
    #error NOCXX17
    #endif
    int main() {}
Performing C++ SOURCE FILE Test CONCEPTS_BUILTIN failed with the following output:
Change Dir: /home/ian/Documents/Fremont/Bioinformatics/Scripts/CPP/seqan3_cmake_error/build/CMakeFiles/CMakeTmp

Run Build Command:"/home/ian/anaconda3/bin/make" "cmTC_ec427/fast"
/home/ian/anaconda3/bin/make -f CMakeFiles/cmTC_ec427.dir/build.make CMakeFiles/cmTC_ec427.dir/build
make[1]: Entering directory '/home/ian/Documents/Fremont/Bioinformatics/Scripts/CPP/seqan3_cmake_error/build/CMakeFiles/CMakeTmp'
Building CXX object CMakeFiles/cmTC_ec427.dir/src.cxx.o
/usr/bin/c++   -I/home/ian/Documents/Fremont/Bioinformatics/Scripts/CPP/seqan3_cmake_error/deps/seqan3/include -I/home/ian/Documents/Fremont/Bioinformatics/Scripts/CPP/seqan3_cmake_error/deps/seqan3/submodules/sdsl-lite/include -I/home/ian/Documents/Fremont/Bioinformatics/Scripts/CPP/seqan3_cmake_error/deps/seqan3/submodules/range-v3/include -I/home/ian/Documents/Fremont/Bioinformatics/Scripts/CPP/seqan3_cmake_error/deps/seqan3/submodules/cereal/include  -DCONCEPTS_BUILTIN  -std=c++17   -o CMakeFiles/cmTC_ec427.dir/src.cxx.o -c /home/ian/Documents/Fremont/Bioinformatics/Scripts/CPP/seqan3_cmake_error/build/CMakeFiles/CMakeTmp/src.cxx
/home/ian/Documents/Fremont/Bioinformatics/Scripts/CPP/seqan3_cmake_error/build/CMakeFiles/CMakeTmp/src.cxx:1:16: error: ‘__cpp_concepts’ was not declared in this scope
 static_assert (__cpp_concepts >= 201507);
                ^~~~~~~~~~~~~~
/home/ian/Documents/Fremont/Bioinformatics/Scripts/CPP/seqan3_cmake_error/build/CMakeFiles/CMakeTmp/src.cxx:1:16: note: suggested alternative: ‘__cpp_constexpr’
 static_assert (__cpp_concepts >= 201507);
                ^~~~~~~~~~~~~~
                __cpp_constexpr
make[1]: *** [CMakeFiles/cmTC_ec427.dir/build.make:66: CMakeFiles/cmTC_ec427.dir/src.cxx.o] Error 1
make[1]: Leaving directory '/home/ian/Documents/Fremont/Bioinformatics/Scripts/CPP/seqan3_cmake_error/build/CMakeFiles/CMakeTmp'
make: *** [Makefile:126: cmTC_ec427/fast] Error 2

Source file was:
static_assert (__cpp_concepts >= 201507);
    int main() {}
Performing C++ SOURCE FILE Test CONCEPTS_FLAG-std=c++20 failed with the following output:
Change Dir: /home/ian/Documents/Fremont/Bioinformatics/Scripts/CPP/seqan3_cmake_error/build/CMakeFiles/CMakeTmp

Run Build Command:"/home/ian/anaconda3/bin/make" "cmTC_00339/fast"
/home/ian/anaconda3/bin/make -f CMakeFiles/cmTC_00339.dir/build.make CMakeFiles/cmTC_00339.dir/build
make[1]: Entering directory '/home/ian/Documents/Fremont/Bioinformatics/Scripts/CPP/seqan3_cmake_error/build/CMakeFiles/CMakeTmp'
Building CXX object CMakeFiles/cmTC_00339.dir/src.cxx.o
/usr/bin/c++   -I/home/ian/Documents/Fremont/Bioinformatics/Scripts/CPP/seqan3_cmake_error/deps/seqan3/include -I/home/ian/Documents/Fremont/Bioinformatics/Scripts/CPP/seqan3_cmake_error/deps/seqan3/submodules/sdsl-lite/include -I/home/ian/Documents/Fremont/Bioinformatics/Scripts/CPP/seqan3_cmake_error/deps/seqan3/submodules/range-v3/include -I/home/ian/Documents/Fremont/Bioinformatics/Scripts/CPP/seqan3_cmake_error/deps/seqan3/submodules/cereal/include  -DCONCEPTS_FLAG-std=c++20  -std=c++17 -std=c++20   -o CMakeFiles/cmTC_00339.dir/src.cxx.o -c /home/ian/Documents/Fremont/Bioinformatics/Scripts/CPP/seqan3_cmake_error/build/CMakeFiles/CMakeTmp/src.cxx
c++: error: unrecognized command line option ‘-std=c++20’; did you mean ‘-std=c++03’?
make[1]: *** [CMakeFiles/cmTC_00339.dir/build.make:66: CMakeFiles/cmTC_00339.dir/src.cxx.o] Error 1
make[1]: Leaving directory '/home/ian/Documents/Fremont/Bioinformatics/Scripts/CPP/seqan3_cmake_error/build/CMakeFiles/CMakeTmp'
make: *** [Makefile:126: cmTC_00339/fast] Error 2

Source file was:
static_assert (__cpp_concepts >= 201507);
    int main() {}
Performing C++ SOURCE FILE Test CONCEPTS_FLAG-std=c++2a failed with the following output:
Change Dir: /home/ian/Documents/Fremont/Bioinformatics/Scripts/CPP/seqan3_cmake_error/build/CMakeFiles/CMakeTmp

Run Build Command:"/home/ian/anaconda3/bin/make" "cmTC_c7eea/fast"
/home/ian/anaconda3/bin/make -f CMakeFiles/cmTC_c7eea.dir/build.make CMakeFiles/cmTC_c7eea.dir/build
make[1]: Entering directory '/home/ian/Documents/Fremont/Bioinformatics/Scripts/CPP/seqan3_cmake_error/build/CMakeFiles/CMakeTmp'
Building CXX object CMakeFiles/cmTC_c7eea.dir/src.cxx.o
/usr/bin/c++   -I/home/ian/Documents/Fremont/Bioinformatics/Scripts/CPP/seqan3_cmake_error/deps/seqan3/include -I/home/ian/Documents/Fremont/Bioinformatics/Scripts/CPP/seqan3_cmake_error/deps/seqan3/submodules/sdsl-lite/include -I/home/ian/Documents/Fremont/Bioinformatics/Scripts/CPP/seqan3_cmake_error/deps/seqan3/submodules/range-v3/include -I/home/ian/Documents/Fremont/Bioinformatics/Scripts/CPP/seqan3_cmake_error/deps/seqan3/submodules/cereal/include  -DCONCEPTS_FLAG-std=c++2a  -std=c++17 -std=c++2a   -o CMakeFiles/cmTC_c7eea.dir/src.cxx.o -c /home/ian/Documents/Fremont/Bioinformatics/Scripts/CPP/seqan3_cmake_error/build/CMakeFiles/CMakeTmp/src.cxx
c++: error: unrecognized command line option ‘-std=c++2a’; did you mean ‘-std=c++03’?
make[1]: *** [CMakeFiles/cmTC_c7eea.dir/build.make:66: CMakeFiles/cmTC_c7eea.dir/src.cxx.o] Error 1
make[1]: Leaving directory '/home/ian/Documents/Fremont/Bioinformatics/Scripts/CPP/seqan3_cmake_error/build/CMakeFiles/CMakeTmp'
make: *** [Makefile:126: cmTC_c7eea/fast] Error 2

Source file was:
static_assert (__cpp_concepts >= 201507);
    int main() {}
Determining if the include file filesystem exists failed with the following output:
Change Dir: /home/ian/Documents/Fremont/Bioinformatics/Scripts/CPP/seqan3_cmake_error/build/CMakeFiles/CMakeTmp

Run Build Command:"/home/ian/anaconda3/bin/make" "cmTC_e7dd7/fast"
/home/ian/anaconda3/bin/make -f CMakeFiles/cmTC_e7dd7.dir/build.make CMakeFiles/cmTC_e7dd7.dir/build
make[1]: Entering directory '/home/ian/Documents/Fremont/Bioinformatics/Scripts/CPP/seqan3_cmake_error/build/CMakeFiles/CMakeTmp'
Building CXX object CMakeFiles/cmTC_e7dd7.dir/CheckIncludeFile.cxx.o
/usr/bin/c++   -I/home/ian/Documents/Fremont/Bioinformatics/Scripts/CPP/seqan3_cmake_error/deps/seqan3/include -I/home/ian/Documents/Fremont/Bioinformatics/Scripts/CPP/seqan3_cmake_error/deps/seqan3/submodules/sdsl-lite/include -I/home/ian/Documents/Fremont/Bioinformatics/Scripts/CPP/seqan3_cmake_error/deps/seqan3/submodules/range-v3/include -I/home/ian/Documents/Fremont/Bioinformatics/Scripts/CPP/seqan3_cmake_error/deps/seqan3/submodules/cereal/include  -std=c++17 -fconcepts   -o CMakeFiles/cmTC_e7dd7.dir/CheckIncludeFile.cxx.o -c /home/ian/Documents/Fremont/Bioinformatics/Scripts/CPP/seqan3_cmake_error/build/CMakeFiles/CMakeTmp/CheckIncludeFile.cxx
/home/ian/Documents/Fremont/Bioinformatics/Scripts/CPP/seqan3_cmake_error/build/CMakeFiles/CMakeTmp/CheckIncludeFile.cxx:1:10: fatal error: filesystem: No such file or directory
 #include <filesystem>
          ^~~~~~~~~~~~
compilation terminated.
make[1]: *** [CMakeFiles/cmTC_e7dd7.dir/build.make:66: CMakeFiles/cmTC_e7dd7.dir/CheckIncludeFile.cxx.o] Error 1
make[1]: Leaving directory '/home/ian/Documents/Fremont/Bioinformatics/Scripts/CPP/seqan3_cmake_error/build/CMakeFiles/CMakeTmp'
make: *** [Makefile:126: cmTC_e7dd7/fast] Error 2


Performing C++ SOURCE FILE Test C++17FS_BUILTIN failed with the following output:
Change Dir: /home/ian/Documents/Fremont/Bioinformatics/Scripts/CPP/seqan3_cmake_error/build/CMakeFiles/CMakeTmp

Run Build Command:"/home/ian/anaconda3/bin/make" "cmTC_ab88e/fast"
/home/ian/anaconda3/bin/make -f CMakeFiles/cmTC_ab88e.dir/build.make CMakeFiles/cmTC_ab88e.dir/build
make[1]: Entering directory '/home/ian/Documents/Fremont/Bioinformatics/Scripts/CPP/seqan3_cmake_error/build/CMakeFiles/CMakeTmp'
Building CXX object CMakeFiles/cmTC_ab88e.dir/src.cxx.o
/usr/bin/c++   -I/home/ian/Documents/Fremont/Bioinformatics/Scripts/CPP/seqan3_cmake_error/deps/seqan3/include -I/home/ian/Documents/Fremont/Bioinformatics/Scripts/CPP/seqan3_cmake_error/deps/seqan3/submodules/sdsl-lite/include -I/home/ian/Documents/Fremont/Bioinformatics/Scripts/CPP/seqan3_cmake_error/deps/seqan3/submodules/range-v3/include -I/home/ian/Documents/Fremont/Bioinformatics/Scripts/CPP/seqan3_cmake_error/deps/seqan3/submodules/cereal/include  -DC++17FS_BUILTIN  -std=c++17 -fconcepts   -o CMakeFiles/cmTC_ab88e.dir/src.cxx.o -c /home/ian/Documents/Fremont/Bioinformatics/Scripts/CPP/seqan3_cmake_error/build/CMakeFiles/CMakeTmp/src.cxx
<command-line>:0:2: warning: ISO C++11 requires whitespace after the macro name
Linking CXX executable cmTC_ab88e
/usr/bin/cmake -E cmake_link_script CMakeFiles/cmTC_ab88e.dir/link.txt --verbose=1
/usr/bin/c++   -DC++17FS_BUILTIN  -std=c++17 -fconcepts    CMakeFiles/cmTC_ab88e.dir/src.cxx.o  -o cmTC_ab88e 
CMakeFiles/cmTC_ab88e.dir/src.cxx.o: In function `main':
src.cxx:(.text+0xc2): undefined reference to `std::experimental::filesystem::v1::__cxx11::filesystem_error::~filesystem_error()'
src.cxx:(.text+0xcc): undefined reference to `typeinfo for std::experimental::filesystem::v1::__cxx11::filesystem_error'
CMakeFiles/cmTC_ab88e.dir/src.cxx.o: In function `std::experimental::filesystem::v1::__cxx11::filesystem_error::filesystem_error(std::__cxx11::basic_string<char, std::char_traits<char>, std::allocator<char> > const&, std::error_code)':
src.cxx:(.text._ZNSt12experimental10filesystem2v17__cxx1116filesystem_errorC2ERKNSt7__cxx1112basic_stringIcSt11char_traitsIcESaIcEEESt10error_code[_ZNSt12experimental10filesystem2v17__cxx1116filesystem_errorC5ERKNSt7__cxx1112basic_stringIcSt11char_traitsIcESaIcEEESt10error_code]+0x47): undefined reference to `vtable for std::experimental::filesystem::v1::__cxx11::filesystem_error'
CMakeFiles/cmTC_ab88e.dir/src.cxx.o: In function `std::experimental::filesystem::v1::__cxx11::path::path<char [6], std::experimental::filesystem::v1::__cxx11::path>(char const (&) [6])':
src.cxx:(.text._ZNSt12experimental10filesystem2v17__cxx114pathC2IA6_cS3_EERKT_[_ZNSt12experimental10filesystem2v17__cxx114pathC5IA6_cS3_EERKT_]+0x73): undefined reference to `std::experimental::filesystem::v1::__cxx11::path::_M_split_cmpts()'
collect2: error: ld returned 1 exit status
make[1]: *** [CMakeFiles/cmTC_ab88e.dir/build.make:98: cmTC_ab88e] Error 1
make[1]: Leaving directory '/home/ian/Documents/Fremont/Bioinformatics/Scripts/CPP/seqan3_cmake_error/build/CMakeFiles/CMakeTmp'
make: *** [Makefile:126: cmTC_ab88e/fast] Error 2

Source file was:
#include <experimental/filesystem>
        int main()
        {
            std::experimental::filesystem::path p{"/tmp/"};
            throw std::experimental::filesystem::filesystem_error("Empty file name!", std::make_error_code(std::errc::invalid_argument));
        }
Determining if the pthread_create exist failed with the following output:
Change Dir: /home/ian/Documents/Fremont/Bioinformatics/Scripts/CPP/seqan3_cmake_error/build/CMakeFiles/CMakeTmp

Run Build Command:"/home/ian/anaconda3/bin/make" "cmTC_96927/fast"
/home/ian/anaconda3/bin/make -f CMakeFiles/cmTC_96927.dir/build.make CMakeFiles/cmTC_96927.dir/build
make[1]: Entering directory '/home/ian/Documents/Fremont/Bioinformatics/Scripts/CPP/seqan3_cmake_error/build/CMakeFiles/CMakeTmp'
Building C object CMakeFiles/cmTC_96927.dir/CheckSymbolExists.c.o
/usr/bin/cc  -I/home/ian/Documents/Fremont/Bioinformatics/Scripts/CPP/seqan3_cmake_error/deps/seqan3/include -I/home/ian/Documents/Fremont/Bioinformatics/Scripts/CPP/seqan3_cmake_error/deps/seqan3/submodules/sdsl-lite/include -I/home/ian/Documents/Fremont/Bioinformatics/Scripts/CPP/seqan3_cmake_error/deps/seqan3/submodules/range-v3/include -I/home/ian/Documents/Fremont/Bioinformatics/Scripts/CPP/seqan3_cmake_error/deps/seqan3/submodules/cereal/include  -std=c++17 -fconcepts   -o CMakeFiles/cmTC_96927.dir/CheckSymbolExists.c.o   -c /home/ian/Documents/Fremont/Bioinformatics/Scripts/CPP/seqan3_cmake_error/build/CMakeFiles/CMakeTmp/CheckSymbolExists.c
cc1: warning: command line option ‘-std=c++1z’ is valid for C++/ObjC++ but not for C
cc1: warning: command line option ‘-fconcepts’ is valid for C++/ObjC++ but not for C
Linking C executable cmTC_96927
/usr/bin/cmake -E cmake_link_script CMakeFiles/cmTC_96927.dir/link.txt --verbose=1
/usr/bin/cc   -std=c++17 -fconcepts    CMakeFiles/cmTC_96927.dir/CheckSymbolExists.c.o  -o cmTC_96927 -lstdc++fs 
CMakeFiles/cmTC_96927.dir/CheckSymbolExists.c.o: In function `main':
CheckSymbolExists.c:(.text+0x1b): undefined reference to `pthread_create'
collect2: error: ld returned 1 exit status
make[1]: *** [CMakeFiles/cmTC_96927.dir/build.make:98: cmTC_96927] Error 1
make[1]: Leaving directory '/home/ian/Documents/Fremont/Bioinformatics/Scripts/CPP/seqan3_cmake_error/build/CMakeFiles/CMakeTmp'
make: *** [Makefile:126: cmTC_96927/fast] Error 2

File /home/ian/Documents/Fremont/Bioinformatics/Scripts/CPP/seqan3_cmake_error/build/CMakeFiles/CMakeTmp/CheckSymbolExists.c:
/* */
#include <pthread.h>

int main(int argc, char** argv)
{
  (void)argv;
#ifndef pthread_create
  return ((int*)(&pthread_create))[argc];
#else
  (void)argc;
  return 0;
#endif
}

Determining if the include file lemon/config.h exists failed with the following output:
Change Dir: /home/ian/Documents/Fremont/Bioinformatics/Scripts/CPP/seqan3_cmake_error/build/CMakeFiles/CMakeTmp

Run Build Command:"/home/ian/anaconda3/bin/make" "cmTC_fa01c/fast"
/home/ian/anaconda3/bin/make -f CMakeFiles/cmTC_fa01c.dir/build.make CMakeFiles/cmTC_fa01c.dir/build
make[1]: Entering directory '/home/ian/Documents/Fremont/Bioinformatics/Scripts/CPP/seqan3_cmake_error/build/CMakeFiles/CMakeTmp'
Building CXX object CMakeFiles/cmTC_fa01c.dir/CheckIncludeFile.cxx.o
/usr/bin/c++   -I/home/ian/Documents/Fremont/Bioinformatics/Scripts/CPP/seqan3_cmake_error/deps/seqan3/include -I/home/ian/Documents/Fremont/Bioinformatics/Scripts/CPP/seqan3_cmake_error/deps/seqan3/submodules/sdsl-lite/include -I/home/ian/Documents/Fremont/Bioinformatics/Scripts/CPP/seqan3_cmake_error/deps/seqan3/submodules/range-v3/include -I/home/ian/Documents/Fremont/Bioinformatics/Scripts/CPP/seqan3_cmake_error/deps/seqan3/submodules/cereal/include  -std=c++17 -fconcepts   -o CMakeFiles/cmTC_fa01c.dir/CheckIncludeFile.cxx.o -c /home/ian/Documents/Fremont/Bioinformatics/Scripts/CPP/seqan3_cmake_error/build/CMakeFiles/CMakeTmp/CheckIncludeFile.cxx
/home/ian/Documents/Fremont/Bioinformatics/Scripts/CPP/seqan3_cmake_error/build/CMakeFiles/CMakeTmp/CheckIncludeFile.cxx:1:10: fatal error: lemon/config.h: No such file or directory
 #include <lemon/config.h>
          ^~~~~~~~~~~~~~~~
compilation terminated.
make[1]: *** [CMakeFiles/cmTC_fa01c.dir/build.make:66: CMakeFiles/cmTC_fa01c.dir/CheckIncludeFile.cxx.o] Error 1
make[1]: Leaving directory '/home/ian/Documents/Fremont/Bioinformatics/Scripts/CPP/seqan3_cmake_error/build/CMakeFiles/CMakeTmp'
make: *** [Makefile:126: cmTC_fa01c/fast] Error 2


Performing C++ SOURCE FILE Test CONCEPTS_FLAG-std=c++20 failed with the following output:
Change Dir: /home/ian/Documents/Fremont/Bioinformatics/Scripts/CPP/seqan3_cmake_error/build/CMakeFiles/CMakeTmp

Run Build Command:"/home/ian/anaconda3/bin/make" "cmTC_17b95/fast"
/home/ian/anaconda3/bin/make -f CMakeFiles/cmTC_17b95.dir/build.make CMakeFiles/cmTC_17b95.dir/build
make[1]: Entering directory '/home/ian/Documents/Fremont/Bioinformatics/Scripts/CPP/seqan3_cmake_error/build/CMakeFiles/CMakeTmp'
Building CXX object CMakeFiles/cmTC_17b95.dir/src.cxx.o
/usr/bin/c++   -I/home/ian/Documents/Fremont/Bioinformatics/Scripts/CPP/seqan3_cmake_error/deps/seqan3/include -I/home/ian/Documents/Fremont/Bioinformatics/Scripts/CPP/seqan3_cmake_error/deps/seqan3/submodules/sdsl-lite/include -I/home/ian/Documents/Fremont/Bioinformatics/Scripts/CPP/seqan3_cmake_error/deps/seqan3/submodules/range-v3/include -I/home/ian/Documents/Fremont/Bioinformatics/Scripts/CPP/seqan3_cmake_error/deps/seqan3/submodules/cereal/include  -DCONCEPTS_FLAG-std=c++20  -std=c++17 -std=c++20   -o CMakeFiles/cmTC_17b95.dir/src.cxx.o -c /home/ian/Documents/Fremont/Bioinformatics/Scripts/CPP/seqan3_cmake_error/build/CMakeFiles/CMakeTmp/src.cxx
c++: error: unrecognized command line option ‘-std=c++20’; did you mean ‘-std=c++03’?
make[1]: *** [CMakeFiles/cmTC_17b95.dir/build.make:66: CMakeFiles/cmTC_17b95.dir/src.cxx.o] Error 1
make[1]: Leaving directory '/home/ian/Documents/Fremont/Bioinformatics/Scripts/CPP/seqan3_cmake_error/build/CMakeFiles/CMakeTmp'
make: *** [Makefile:126: cmTC_17b95/fast] Error 2

Source file was:
static_assert (__cpp_concepts >= 201507);
    int main() {}
Performing C++ SOURCE FILE Test CONCEPTS_FLAG-std=c++2a failed with the following output:
Change Dir: /home/ian/Documents/Fremont/Bioinformatics/Scripts/CPP/seqan3_cmake_error/build/CMakeFiles/CMakeTmp

Run Build Command:"/home/ian/anaconda3/bin/make" "cmTC_ce870/fast"
/home/ian/anaconda3/bin/make -f CMakeFiles/cmTC_ce870.dir/build.make CMakeFiles/cmTC_ce870.dir/build
make[1]: Entering directory '/home/ian/Documents/Fremont/Bioinformatics/Scripts/CPP/seqan3_cmake_error/build/CMakeFiles/CMakeTmp'
Building CXX object CMakeFiles/cmTC_ce870.dir/src.cxx.o
/usr/bin/c++   -I/home/ian/Documents/Fremont/Bioinformatics/Scripts/CPP/seqan3_cmake_error/deps/seqan3/include -I/home/ian/Documents/Fremont/Bioinformatics/Scripts/CPP/seqan3_cmake_error/deps/seqan3/submodules/sdsl-lite/include -I/home/ian/Documents/Fremont/Bioinformatics/Scripts/CPP/seqan3_cmake_error/deps/seqan3/submodules/range-v3/include -I/home/ian/Documents/Fremont/Bioinformatics/Scripts/CPP/seqan3_cmake_error/deps/seqan3/submodules/cereal/include  -DCONCEPTS_FLAG-std=c++2a  -std=c++17 -std=c++2a   -o CMakeFiles/cmTC_ce870.dir/src.cxx.o -c /home/ian/Documents/Fremont/Bioinformatics/Scripts/CPP/seqan3_cmake_error/build/CMakeFiles/CMakeTmp/src.cxx
c++: error: unrecognized command line option ‘-std=c++2a’; did you mean ‘-std=c++03’?
make[1]: *** [CMakeFiles/cmTC_ce870.dir/build.make:66: CMakeFiles/cmTC_ce870.dir/src.cxx.o] Error 1
make[1]: Leaving directory '/home/ian/Documents/Fremont/Bioinformatics/Scripts/CPP/seqan3_cmake_error/build/CMakeFiles/CMakeTmp'
make: *** [Makefile:126: cmTC_ce870/fast] Error 2

Source file was:
static_assert (__cpp_concepts >= 201507);
    int main() {}
